This is pdfTeX, Version 3.141592653-2.6-1.40.27 (MiKTeX 25.4) (preloaded format=pdflatex 2025.9.3)  29 SEP 2025 12:08
entering extended mode
 restricted \write18 enabled.
 file:line:error style messages enabled.
 %&-line parsing enabled.
**"c:/Users/lukam/Desktop/time series/diplomski/final_clean_main.tex"
(c:/Users/lukam/Desktop/time series/diplomski/final_clean_main.tex
LaTeX2e <2025-06-01> patch level 1
L3 programming layer <2025-08-13>
(C:\Users\lukam\AppData\Local\Programs\MiKTeX\tex/latex/base\article.cls
Document Class: article 2025/01/22 v1.4n Standard LaTeX document class
(C:\Users\lukam\AppData\Local\Programs\MiKTeX\tex/latex/base\size12.clo
File: size12.clo 2025/01/22 v1.4n Standard LaTeX file (size option)
)
\c@part=\count275
\c@section=\count276
\c@subsection=\count277
\c@subsubsection=\count278
\c@paragraph=\count279
\c@subparagraph=\count280
\c@figure=\count281
\c@table=\count282
\abovecaptionskip=\skip49
\belowcaptionskip=\skip50
\bibindent=\dimen148
) (C:\Users\lukam\AppData\Local\Programs\MiKTeX\tex/latex/base\fontenc.sty
Package: fontenc 2024/12/21 v2.1c Standard LaTeX package
) (C:\Users\lukam\AppData\Local\Programs\MiKTeX\tex/latex/base\inputenc.sty
Package: inputenc 2024/02/08 v1.3d Input encoding file
\inpenc@prehook=\toks17
\inpenc@posthook=\toks18
) (C:\Users\lukam\AppData\Local\Programs\MiKTeX\tex/generic/babel\babel.sty
Package: babel 2025/08/03 v25.12 The multilingual framework for LuaLaTeX, pdfLaTeX and XeLaTeX
\babel@savecnt=\count283
LaTeX Encoding Info:    Redeclaring text command \ij (encoding OT1) on input line 2045.
LaTeX Encoding Info:    Redeclaring text command \IJ (encoding OT1) on input line 2047.
LaTeX Encoding Info:    Redeclaring text command \ij (encoding T1) on input line 2049.
LaTeX Encoding Info:    Redeclaring text command \IJ (encoding T1) on input line 2050.
LaTeX Encoding Info:    Ignoring declaration for text command \ij (encoding ?) on input line 2051.
LaTeX Encoding Info:    Ignoring declaration for text command \IJ (encoding ?) on input line 2053.
LaTeX Encoding Info:    Ignoring declaration for text command \SS (encoding ?) on input line 2078.
\U@D=\dimen149
\l@unhyphenated=\language79
 (C:\Users\lukam\AppData\Local\Programs\MiKTeX\tex/generic/babel\txtbabel.def)
\bbl@readstream=\read2
\bbl@dirlevel=\count284

*************************************
* Local config file bblopts.cfg used
*
(C:\Users\lukam\AppData\Local\Programs\MiKTeX\tex/latex/arabi\bblopts.cfg
File: bblopts.cfg 2005/09/08 v0.1 add Arabic and Farsi to "declared" options of babel
) (C:\Users\lukam\AppData\Local\Programs\MiKTeX\tex/latex/babel-serbian\serbian.ldf
Language: serbian 2022/09/30 2.2a Serbian Latin support for the Babel system
 (C:\Users\lukam\AppData\Local\Programs\MiKTeX\tex/generic/babel/locale/sr\babel-serbian.tex
Package babel Info: Importing font and identification data for serbian
(babel)             from babel-sr-Latn.ini. Reported on input line 25.
)
Package babel Info: Making " an active character on input line 46.
\srbl@lettering=\count285
)) (C:\Users\lukam\AppData\Local\Programs\MiKTeX\tex/latex/lm\lmodern.sty
Package: lmodern 2015/05/01 v1.6.1 Latin Modern Fonts
LaTeX Font Info:    Overwriting symbol font `operators' in version `normal'
(Font)                  OT1/cmr/m/n --> OT1/lmr/m/n on input line 22.
LaTeX Font Info:    Overwriting symbol font `letters' in version `normal'
(Font)                  OML/cmm/m/it --> OML/lmm/m/it on input line 23.
LaTeX Font Info:    Overwriting symbol font `symbols' in version `normal'
(Font)                  OMS/cmsy/m/n --> OMS/lmsy/m/n on input line 24.
LaTeX Font Info:    Overwriting symbol font `largesymbols' in version `normal'
(Font)                  OMX/cmex/m/n --> OMX/lmex/m/n on input line 25.
LaTeX Font Info:    Overwriting symbol font `operators' in version `bold'
(Font)                  OT1/cmr/bx/n --> OT1/lmr/bx/n on input line 26.
LaTeX Font Info:    Overwriting symbol font `letters' in version `bold'
(Font)                  OML/cmm/b/it --> OML/lmm/b/it on input line 27.
LaTeX Font Info:    Overwriting symbol font `symbols' in version `bold'
(Font)                  OMS/cmsy/b/n --> OMS/lmsy/b/n on input line 28.
LaTeX Font Info:    Overwriting symbol font `largesymbols' in version `bold'
(Font)                  OMX/cmex/m/n --> OMX/lmex/m/n on input line 29.
LaTeX Font Info:    Overwriting math alphabet `\mathbf' in version `normal'
(Font)                  OT1/cmr/bx/n --> OT1/lmr/bx/n on input line 31.
LaTeX Font Info:    Overwriting math alphabet `\mathsf' in version `normal'
(Font)                  OT1/cmss/m/n --> OT1/lmss/m/n on input line 32.
LaTeX Font Info:    Overwriting math alphabet `\mathit' in version `normal'
(Font)                  OT1/cmr/m/it --> OT1/lmr/m/it on input line 33.
LaTeX Font Info:    Overwriting math alphabet `\mathtt' in version `normal'
(Font)                  OT1/cmtt/m/n --> OT1/lmtt/m/n on input line 34.
LaTeX Font Info:    Overwriting math alphabet `\mathbf' in version `bold'
(Font)                  OT1/cmr/bx/n --> OT1/lmr/bx/n on input line 35.
LaTeX Font Info:    Overwriting math alphabet `\mathsf' in version `bold'
(Font)                  OT1/cmss/bx/n --> OT1/lmss/bx/n on input line 36.
LaTeX Font Info:    Overwriting math alphabet `\mathit' in version `bold'
(Font)                  OT1/cmr/bx/it --> OT1/lmr/bx/it on input line 37.
LaTeX Font Info:    Overwriting math alphabet `\mathtt' in version `bold'
(Font)                  OT1/cmtt/m/n --> OT1/lmtt/m/n on input line 38.
) (C:\Users\lukam\AppData\Local\Programs\MiKTeX\tex/latex/microtype\microtype.sty
Package: microtype 2025/07/09 v3.2b Micro-typographical refinements (RS)
 (C:\Users\lukam\AppData\Local\Programs\MiKTeX\tex/latex/graphics\keyval.sty
Package: keyval 2022/05/29 v1.15 key=value parser (DPC)
\KV@toks@=\toks19
) (C:\Users\lukam\AppData\Local\Programs\MiKTeX\tex/latex/etoolbox\etoolbox.sty
Package: etoolbox 2025/02/11 v2.5l e-TeX tools for LaTeX (JAW)
\etb@tempcnta=\count286
)
\MT@toks=\toks20
\MT@tempbox=\box53
\MT@count=\count287
LaTeX Info: Redefining \noprotrusionifhmode on input line 1087.
LaTeX Info: Redefining \leftprotrusion on input line 1088.
\MT@prot@toks=\toks21
LaTeX Info: Redefining \rightprotrusion on input line 1107.
LaTeX Info: Redefining \textls on input line 1449.
\MT@outer@kern=\dimen150
LaTeX Info: Redefining \microtypecontext on input line 2053.
LaTeX Info: Redefining \textmicrotypecontext on input line 2070.
\MT@listname@count=\count288
 (C:\Users\lukam\AppData\Local\Programs\MiKTeX\tex/latex/microtype\microtype-pdftex.def
File: microtype-pdftex.def 2025/07/09 v3.2b Definitions specific to pdftex (RS)
LaTeX Info: Redefining \lsstyle on input line 944.
LaTeX Info: Redefining \lslig on input line 944.
\MT@outer@space=\skip51
)
Package microtype Info: Loading configuration file microtype.cfg.
 (C:\Users\lukam\AppData\Local\Programs\MiKTeX\tex/latex/microtype\microtype.cfg
File: microtype.cfg 2025/07/09 v3.2b microtype main configuration file (RS)
)
LaTeX Info: Redefining \microtypesetup on input line 3065.
) (C:\Users\lukam\AppData\Local\Programs\MiKTeX\tex/latex/amsmath\amsmath.sty
Package: amsmath 2025/06/16 v2.17y AMS math features
\@mathmargin=\skip52

For additional information on amsmath, use the `?' option.
(C:\Users\lukam\AppData\Local\Programs\MiKTeX\tex/latex/amsmath\amstext.sty
Package: amstext 2024/11/17 v2.01 AMS text
 (C:\Users\lukam\AppData\Local\Programs\MiKTeX\tex/latex/amsmath\amsgen.sty
File: amsgen.sty 1999/11/30 v2.0 generic functions
\@emptytoks=\toks22
\ex@=\dimen151
)) (C:\Users\lukam\AppData\Local\Programs\MiKTeX\tex/latex/amsmath\amsbsy.sty
Package: amsbsy 1999/11/29 v1.2d Bold Symbols
\pmbraise@=\dimen152
) (C:\Users\lukam\AppData\Local\Programs\MiKTeX\tex/latex/amsmath\amsopn.sty
Package: amsopn 2022/04/08 v2.04 operator names
)
\inf@bad=\count289
LaTeX Info: Redefining \frac on input line 233.
\uproot@=\count290
\leftroot@=\count291
LaTeX Info: Redefining \overline on input line 398.
LaTeX Info: Redefining \colon on input line 409.
\classnum@=\count292
\DOTSCASE@=\count293
LaTeX Info: Redefining \ldots on input line 495.
LaTeX Info: Redefining \dots on input line 498.
LaTeX Info: Redefining \cdots on input line 619.
\Mathstrutbox@=\box54
\strutbox@=\box55
LaTeX Info: Redefining \big on input line 721.
LaTeX Info: Redefining \Big on input line 722.
LaTeX Info: Redefining \bigg on input line 723.
LaTeX Info: Redefining \Bigg on input line 724.
\big@size=\dimen153
LaTeX Font Info:    Redeclaring font encoding OML on input line 742.
LaTeX Font Info:    Redeclaring font encoding OMS on input line 743.
\macc@depth=\count294
LaTeX Info: Redefining \bmod on input line 904.
LaTeX Info: Redefining \pmod on input line 909.
LaTeX Info: Redefining \smash on input line 939.
LaTeX Info: Redefining \relbar on input line 969.
LaTeX Info: Redefining \Relbar on input line 970.
\c@MaxMatrixCols=\count295
\dotsspace@=\muskip17
\c@parentequation=\count296
\dspbrk@lvl=\count297
\tag@help=\toks23
\row@=\count298
\column@=\count299
\maxfields@=\count300
\andhelp@=\toks24
\eqnshift@=\dimen154
\alignsep@=\dimen155
\tagshift@=\dimen156
\tagwidth@=\dimen157
\totwidth@=\dimen158
\lineht@=\dimen159
\@envbody=\toks25
\multlinegap=\skip53
\multlinetaggap=\skip54
\mathdisplay@stack=\toks26
LaTeX Info: Redefining \[ on input line 2949.
LaTeX Info: Redefining \] on input line 2950.
) (C:\Users\lukam\AppData\Local\Programs\MiKTeX\tex/latex/amscls\amsthm.sty
Package: amsthm 2020/05/29 v2.20.6
\thm@style=\toks27
\thm@bodyfont=\toks28
\thm@headfont=\toks29
\thm@notefont=\toks30
\thm@headpunct=\toks31
\thm@preskip=\skip55
\thm@postskip=\skip56
\thm@headsep=\skip57
\dth@everypar=\toks32
) (C:\Users\lukam\AppData\Local\Programs\MiKTeX\tex/latex/amsfonts\amssymb.sty
Package: amssymb 2013/01/14 v3.01 AMS font symbols
 (C:\Users\lukam\AppData\Local\Programs\MiKTeX\tex/latex/amsfonts\amsfonts.sty
Package: amsfonts 2013/01/14 v3.01 Basic AMSFonts support
\symAMSa=\mathgroup4
\symAMSb=\mathgroup5
LaTeX Font Info:    Redeclaring math symbol \hbar on input line 98.
LaTeX Font Info:    Overwriting math alphabet `\mathfrak' in version `bold'
(Font)                  U/euf/m/n --> U/euf/b/n on input line 106.
)) (C:\Users\lukam\AppData\Local\Programs\MiKTeX\tex/latex/graphics\graphicx.sty
Package: graphicx 2024/12/31 v1.2e Enhanced LaTeX Graphics (DPC,SPQR)
 (C:\Users\lukam\AppData\Local\Programs\MiKTeX\tex/latex/graphics\graphics.sty
Package: graphics 2024/08/06 v1.4g Standard LaTeX Graphics (DPC,SPQR)
 (C:\Users\lukam\AppData\Local\Programs\MiKTeX\tex/latex/graphics\trig.sty
Package: trig 2023/12/02 v1.11 sin cos tan (DPC)
) (C:\Users\lukam\AppData\Local\Programs\MiKTeX\tex/latex/graphics-cfg\graphics.cfg
File: graphics.cfg 2016/06/04 v1.11 sample graphics configuration
)
Package graphics Info: Driver file: pdftex.def on input line 106.
 (C:\Users\lukam\AppData\Local\Programs\MiKTeX\tex/latex/graphics-def\pdftex.def
File: pdftex.def 2024/04/13 v1.2c Graphics/color driver for pdftex
))
\Gin@req@height=\dimen160
\Gin@req@width=\dimen161
) (C:\Users\lukam\AppData\Local\Programs\MiKTeX\tex/latex/subfigure\subfigure.sty
Package: subfigure 2002/07/30 v2.1.4 subfigure package
\subfigtopskip=\skip58
\subfigcapskip=\skip59
\subfigcaptopadj=\dimen162
\subfigbottomskip=\skip60
\subfigcapmargin=\dimen163
\subfiglabelskip=\skip61
\c@subfigure=\count301
\c@lofdepth=\count302
\c@subtable=\count303
\c@lotdepth=\count304

****************************************
* Local config file subfigure.cfg used *
****************************************
(C:\Users\lukam\AppData\Local\Programs\MiKTeX\tex/latex/subfigure\subfigure.cfg)
\subfig@top=\skip62
\subfig@bottom=\skip63
) (C:\Users\lukam\AppData\Local\Programs\MiKTeX\tex/latex/pgf/frontendlayer\tikz.sty (C:\Users\lukam\AppData\Local\Programs\MiKTeX\tex/latex/pgf/basiclayer\pgf.sty (C:\Users\lukam\AppData\Local\Programs\MiKTeX\tex/latex/pgf/utilities\pgfrcs.sty (C:\Users\lukam\AppData\Local\Programs\MiKTeX\tex/generic/pgf/utilities\pgfutil-common.tex
\pgfutil@everybye=\toks33
\pgfutil@tempdima=\dimen164
\pgfutil@tempdimb=\dimen165
) (C:\Users\lukam\AppData\Local\Programs\MiKTeX\tex/generic/pgf/utilities\pgfutil-latex.def
\pgfutil@abb=\box56
) (C:\Users\lukam\AppData\Local\Programs\MiKTeX\tex/generic/pgf/utilities\pgfrcs.code.tex (C:\Users\lukam\AppData\Local\Programs\MiKTeX\tex/generic/pgf\pgf.revision.tex)
Package: pgfrcs 2025-08-29 v3.1.11a (3.1.11a)
))
Package: pgf 2025-08-29 v3.1.11a (3.1.11a)
 (C:\Users\lukam\AppData\Local\Programs\MiKTeX\tex/latex/pgf/basiclayer\pgfcore.sty (C:\Users\lukam\AppData\Local\Programs\MiKTeX\tex/latex/pgf/systemlayer\pgfsys.sty (C:\Users\lukam\AppData\Local\Programs\MiKTeX\tex/generic/pgf/systemlayer\pgfsys.code.tex
Package: pgfsys 2025-08-29 v3.1.11a (3.1.11a)
 (C:\Users\lukam\AppData\Local\Programs\MiKTeX\tex/generic/pgf/utilities\pgfkeys.code.tex
\pgfkeys@pathtoks=\toks34
\pgfkeys@temptoks=\toks35
 (C:\Users\lukam\AppData\Local\Programs\MiKTeX\tex/generic/pgf/utilities\pgfkeyslibraryfiltered.code.tex
\pgfkeys@tmptoks=\toks36
))
\pgf@x=\dimen166
\pgf@y=\dimen167
\pgf@xa=\dimen168
\pgf@ya=\dimen169
\pgf@xb=\dimen170
\pgf@yb=\dimen171
\pgf@xc=\dimen172
\pgf@yc=\dimen173
\pgf@xd=\dimen174
\pgf@yd=\dimen175
\w@pgf@writea=\write3
\r@pgf@reada=\read3
\c@pgf@counta=\count305
\c@pgf@countb=\count306
\c@pgf@countc=\count307
\c@pgf@countd=\count308
\t@pgf@toka=\toks37
\t@pgf@tokb=\toks38
\t@pgf@tokc=\toks39
\pgf@sys@id@count=\count309
 (C:\Users\lukam\AppData\Local\Programs\MiKTeX\tex/generic/pgf/systemlayer\pgf.cfg
File: pgf.cfg 2025-08-29 v3.1.11a (3.1.11a)
)
Driver file for pgf: pgfsys-pdftex.def
 (C:\Users\lukam\AppData\Local\Programs\MiKTeX\tex/generic/pgf/systemlayer\pgfsys-pdftex.def
File: pgfsys-pdftex.def 2025-08-29 v3.1.11a (3.1.11a)
 (C:\Users\lukam\AppData\Local\Programs\MiKTeX\tex/generic/pgf/systemlayer\pgfsys-common-pdf.def
File: pgfsys-common-pdf.def 2025-08-29 v3.1.11a (3.1.11a)
))) (C:\Users\lukam\AppData\Local\Programs\MiKTeX\tex/generic/pgf/systemlayer\pgfsyssoftpath.code.tex
File: pgfsyssoftpath.code.tex 2025-08-29 v3.1.11a (3.1.11a)
\pgfsyssoftpath@smallbuffer@items=\count310
\pgfsyssoftpath@bigbuffer@items=\count311
) (C:\Users\lukam\AppData\Local\Programs\MiKTeX\tex/generic/pgf/systemlayer\pgfsysprotocol.code.tex
File: pgfsysprotocol.code.tex 2025-08-29 v3.1.11a (3.1.11a)
)) (C:\Users\lukam\AppData\Local\Programs\MiKTeX\tex/latex/xcolor\xcolor.sty
Package: xcolor 2024/09/29 v3.02 LaTeX color extensions (UK)
 (C:\Users\lukam\AppData\Local\Programs\MiKTeX\tex/latex/graphics-cfg\color.cfg
File: color.cfg 2016/01/02 v1.6 sample color configuration
)
Package xcolor Info: Driver file: pdftex.def on input line 274.
 (C:\Users\lukam\AppData\Local\Programs\MiKTeX\tex/latex/graphics\mathcolor.ltx)
Package xcolor Info: Model `cmy' substituted by `cmy0' on input line 1349.
Package xcolor Info: Model `hsb' substituted by `rgb' on input line 1353.
Package xcolor Info: Model `RGB' extended on input line 1365.
Package xcolor Info: Model `HTML' substituted by `rgb' on input line 1367.
Package xcolor Info: Model `Hsb' substituted by `hsb' on input line 1368.
Package xcolor Info: Model `tHsb' substituted by `hsb' on input line 1369.
Package xcolor Info: Model `HSB' substituted by `hsb' on input line 1370.
Package xcolor Info: Model `Gray' substituted by `gray' on input line 1371.
Package xcolor Info: Model `wave' substituted by `hsb' on input line 1372.
) (C:\Users\lukam\AppData\Local\Programs\MiKTeX\tex/generic/pgf/basiclayer\pgfcore.code.tex
Package: pgfcore 2025-08-29 v3.1.11a (3.1.11a)
 (C:\Users\lukam\AppData\Local\Programs\MiKTeX\tex/generic/pgf/math\pgfmath.code.tex (C:\Users\lukam\AppData\Local\Programs\MiKTeX\tex/generic/pgf/math\pgfmathutil.code.tex) (C:\Users\lukam\AppData\Local\Programs\MiKTeX\tex/generic/pgf/math\pgfmathparser.code.tex
\pgfmath@dimen=\dimen176
\pgfmath@count=\count312
\pgfmath@box=\box57
\pgfmath@toks=\toks40
\pgfmath@stack@operand=\toks41
\pgfmath@stack@operation=\toks42
) (C:\Users\lukam\AppData\Local\Programs\MiKTeX\tex/generic/pgf/math\pgfmathfunctions.code.tex) (C:\Users\lukam\AppData\Local\Programs\MiKTeX\tex/generic/pgf/math\pgfmathfunctions.basic.code.tex) (C:\Users\lukam\AppData\Local\Programs\MiKTeX\tex/generic/pgf/math\pgfmathfunctions.trigonometric.code.tex) (C:\Users\lukam\AppData\Local\Programs\MiKTeX\tex/generic/pgf/math\pgfmathfunctions.random.code.tex) (C:\Users\lukam\AppData\Local\Programs\MiKTeX\tex/generic/pgf/math\pgfmathfunctions.comparison.code.tex) (C:\Users\lukam\AppData\Local\Programs\MiKTeX\tex/generic/pgf/math\pgfmathfunctions.base.code.tex) (C:\Users\lukam\AppData\Local\Programs\MiKTeX\tex/generic/pgf/math\pgfmathfunctions.round.code.tex) (C:\Users\lukam\AppData\Local\Programs\MiKTeX\tex/generic/pgf/math\pgfmathfunctions.misc.code.tex) (C:\Users\lukam\AppData\Local\Programs\MiKTeX\tex/generic/pgf/math\pgfmathfunctions.integerarithmetics.code.tex) (C:\Users\lukam\AppData\Local\Programs\MiKTeX\tex/generic/pgf/math\pgfmathcalc.code.tex) (C:\Users\lukam\AppData\Local\Programs\MiKTeX\tex/generic/pgf/math\pgfmathfloat.code.tex
\c@pgfmathroundto@lastzeros=\count313
)) (C:\Users\lukam\AppData\Local\Programs\MiKTeX\tex/generic/pgf/math\pgfint.code.tex) (C:\Users\lukam\AppData\Local\Programs\MiKTeX\tex/generic/pgf/basiclayer\pgfcorepoints.code.tex
File: pgfcorepoints.code.tex 2025-08-29 v3.1.11a (3.1.11a)
\pgf@picminx=\dimen177
\pgf@picmaxx=\dimen178
\pgf@picminy=\dimen179
\pgf@picmaxy=\dimen180
\pgf@pathminx=\dimen181
\pgf@pathmaxx=\dimen182
\pgf@pathminy=\dimen183
\pgf@pathmaxy=\dimen184
\pgf@xx=\dimen185
\pgf@xy=\dimen186
\pgf@yx=\dimen187
\pgf@yy=\dimen188
\pgf@zx=\dimen189
\pgf@zy=\dimen190
) (C:\Users\lukam\AppData\Local\Programs\MiKTeX\tex/generic/pgf/basiclayer\pgfcorepathconstruct.code.tex
File: pgfcorepathconstruct.code.tex 2025-08-29 v3.1.11a (3.1.11a)
\pgf@path@lastx=\dimen191
\pgf@path@lasty=\dimen192
) (C:\Users\lukam\AppData\Local\Programs\MiKTeX\tex/generic/pgf/basiclayer\pgfcorepathusage.code.tex
File: pgfcorepathusage.code.tex 2025-08-29 v3.1.11a (3.1.11a)
\pgf@shorten@end@additional=\dimen193
\pgf@shorten@start@additional=\dimen194
) (C:\Users\lukam\AppData\Local\Programs\MiKTeX\tex/generic/pgf/basiclayer\pgfcorescopes.code.tex
File: pgfcorescopes.code.tex 2025-08-29 v3.1.11a (3.1.11a)
\pgfpic=\box58
\pgf@hbox=\box59
\pgf@layerbox@main=\box60
\pgf@picture@serial@count=\count314
) (C:\Users\lukam\AppData\Local\Programs\MiKTeX\tex/generic/pgf/basiclayer\pgfcoregraphicstate.code.tex
File: pgfcoregraphicstate.code.tex 2025-08-29 v3.1.11a (3.1.11a)
\pgflinewidth=\dimen195
) (C:\Users\lukam\AppData\Local\Programs\MiKTeX\tex/generic/pgf/basiclayer\pgfcoretransformations.code.tex
File: pgfcoretransformations.code.tex 2025-08-29 v3.1.11a (3.1.11a)
\pgf@pt@x=\dimen196
\pgf@pt@y=\dimen197
\pgf@pt@temp=\dimen198
) (C:\Users\lukam\AppData\Local\Programs\MiKTeX\tex/generic/pgf/basiclayer\pgfcorequick.code.tex
File: pgfcorequick.code.tex 2025-08-29 v3.1.11a (3.1.11a)
) (C:\Users\lukam\AppData\Local\Programs\MiKTeX\tex/generic/pgf/basiclayer\pgfcoreobjects.code.tex
File: pgfcoreobjects.code.tex 2025-08-29 v3.1.11a (3.1.11a)
) (C:\Users\lukam\AppData\Local\Programs\MiKTeX\tex/generic/pgf/basiclayer\pgfcorepathprocessing.code.tex
File: pgfcorepathprocessing.code.tex 2025-08-29 v3.1.11a (3.1.11a)
) (C:\Users\lukam\AppData\Local\Programs\MiKTeX\tex/generic/pgf/basiclayer\pgfcorearrows.code.tex
File: pgfcorearrows.code.tex 2025-08-29 v3.1.11a (3.1.11a)
\pgfarrowsep=\dimen199
) (C:\Users\lukam\AppData\Local\Programs\MiKTeX\tex/generic/pgf/basiclayer\pgfcoreshade.code.tex
File: pgfcoreshade.code.tex 2025-08-29 v3.1.11a (3.1.11a)
\pgf@max=\dimen256
\pgf@sys@shading@range@num=\count315
\pgf@shadingcount=\count316
) (C:\Users\lukam\AppData\Local\Programs\MiKTeX\tex/generic/pgf/basiclayer\pgfcoreimage.code.tex
File: pgfcoreimage.code.tex 2025-08-29 v3.1.11a (3.1.11a)
) (C:\Users\lukam\AppData\Local\Programs\MiKTeX\tex/generic/pgf/basiclayer\pgfcoreexternal.code.tex
File: pgfcoreexternal.code.tex 2025-08-29 v3.1.11a (3.1.11a)
\pgfexternal@startupbox=\box61
) (C:\Users\lukam\AppData\Local\Programs\MiKTeX\tex/generic/pgf/basiclayer\pgfcorelayers.code.tex
File: pgfcorelayers.code.tex 2025-08-29 v3.1.11a (3.1.11a)
) (C:\Users\lukam\AppData\Local\Programs\MiKTeX\tex/generic/pgf/basiclayer\pgfcoretransparency.code.tex
File: pgfcoretransparency.code.tex 2025-08-29 v3.1.11a (3.1.11a)
) (C:\Users\lukam\AppData\Local\Programs\MiKTeX\tex/generic/pgf/basiclayer\pgfcorepatterns.code.tex
File: pgfcorepatterns.code.tex 2025-08-29 v3.1.11a (3.1.11a)
) (C:\Users\lukam\AppData\Local\Programs\MiKTeX\tex/generic/pgf/basiclayer\pgfcorerdf.code.tex
File: pgfcorerdf.code.tex 2025-08-29 v3.1.11a (3.1.11a)
))) (C:\Users\lukam\AppData\Local\Programs\MiKTeX\tex/generic/pgf/modules\pgfmoduleshapes.code.tex
File: pgfmoduleshapes.code.tex 2025-08-29 v3.1.11a (3.1.11a)
\pgfnodeparttextbox=\box62
) (C:\Users\lukam\AppData\Local\Programs\MiKTeX\tex/generic/pgf/modules\pgfmoduleplot.code.tex
File: pgfmoduleplot.code.tex 2025-08-29 v3.1.11a (3.1.11a)
) (C:\Users\lukam\AppData\Local\Programs\MiKTeX\tex/latex/pgf/compatibility\pgfcomp-version-0-65.sty
Package: pgfcomp-version-0-65 2025-08-29 v3.1.11a (3.1.11a)
\pgf@nodesepstart=\dimen257
\pgf@nodesepend=\dimen258
) (C:\Users\lukam\AppData\Local\Programs\MiKTeX\tex/latex/pgf/compatibility\pgfcomp-version-1-18.sty
Package: pgfcomp-version-1-18 2025-08-29 v3.1.11a (3.1.11a)
)) (C:\Users\lukam\AppData\Local\Programs\MiKTeX\tex/latex/pgf/utilities\pgffor.sty (C:\Users\lukam\AppData\Local\Programs\MiKTeX\tex/latex/pgf/utilities\pgfkeys.sty (C:\Users\lukam\AppData\Local\Programs\MiKTeX\tex/generic/pgf/utilities\pgfkeys.code.tex)) (C:\Users\lukam\AppData\Local\Programs\MiKTeX\tex/latex/pgf/math\pgfmath.sty (C:\Users\lukam\AppData\Local\Programs\MiKTeX\tex/generic/pgf/math\pgfmath.code.tex)) (C:\Users\lukam\AppData\Local\Programs\MiKTeX\tex/generic/pgf/utilities\pgffor.code.tex
Package: pgffor 2025-08-29 v3.1.11a (3.1.11a)
\pgffor@iter=\dimen259
\pgffor@skip=\dimen260
\pgffor@stack=\toks43
\pgffor@toks=\toks44
)) (C:\Users\lukam\AppData\Local\Programs\MiKTeX\tex/generic/pgf/frontendlayer/tikz\tikz.code.tex
Package: tikz 2025-08-29 v3.1.11a (3.1.11a)
 (C:\Users\lukam\AppData\Local\Programs\MiKTeX\tex/generic/pgf/libraries\pgflibraryplothandlers.code.tex
File: pgflibraryplothandlers.code.tex 2025-08-29 v3.1.11a (3.1.11a)
\pgf@plot@mark@count=\count317
\pgfplotmarksize=\dimen261
)
\tikz@lastx=\dimen262
\tikz@lasty=\dimen263
\tikz@lastxsaved=\dimen264
\tikz@lastysaved=\dimen265
\tikz@lastmovetox=\dimen266
\tikz@lastmovetoy=\dimen267
\tikzleveldistance=\dimen268
\tikzsiblingdistance=\dimen269
\tikz@figbox=\box63
\tikz@figbox@bg=\box64
\tikz@tempbox=\box65
\tikz@tempbox@bg=\box66
\tikztreelevel=\count318
\tikznumberofchildren=\count319
\tikznumberofcurrentchild=\count320
\tikz@fig@count=\count321
 (C:\Users\lukam\AppData\Local\Programs\MiKTeX\tex/generic/pgf/modules\pgfmodulematrix.code.tex
File: pgfmodulematrix.code.tex 2025-08-29 v3.1.11a (3.1.11a)
\pgfmatrixcurrentrow=\count322
\pgfmatrixcurrentcolumn=\count323
\pgf@matrix@numberofcolumns=\count324
)
\tikz@expandcount=\count325
 (C:\Users\lukam\AppData\Local\Programs\MiKTeX\tex/generic/pgf/frontendlayer/tikz/libraries\tikzlibrarytopaths.code.tex
File: tikzlibrarytopaths.code.tex 2025-08-29 v3.1.11a (3.1.11a)
))) (C:\Users\lukam\AppData\Local\Programs\MiKTeX\tex/latex/dblfloatfix\dblfloatfix.sty
Package: dblfloatfix 2012/12/31 v1.0a (JAW)
 (C:\Users\lukam\AppData\Local\Programs\MiKTeX\tex/latex/base\fixltx2e.sty
Package: fixltx2e 2016/12/29 v2.1a fixes to LaTeX (obsolete)
Applying: [2015/01/01] Old fixltx2e package on input line 46.


Package fixltx2e Warning: fixltx2e is not required with releases after 2015
(fixltx2e)                All fixes are now in the LaTeX kernel.
(fixltx2e)                See the latexrelease package for details.

Already applied: [0000/00/00] Old fixltx2e package on input line 53.
)
\@dblbotnum=\count326
\c@dblbotnumber=\count327
) (C:\Users\lukam\AppData\Local\Programs\MiKTeX\tex/latex/tabto-ltx\tabto.sty
Package: tabto 2018/12/28  v 1.4  Another tabbing mechanism
\CurrentLineWidth=\dimen270
\TabPrevPos=\dimen271
) (C:\Users\lukam\AppData\Local\Programs\MiKTeX\tex/latex/float\float.sty
Package: float 2001/11/08 v1.3d Float enhancements (AL)
\c@float@type=\count328
\float@exts=\toks45
\float@box=\box67
\@float@everytoks=\toks46
\@floatcapt=\box68
) (C:\Users\lukam\AppData\Local\Programs\MiKTeX\tex/latex/booktabs\booktabs.sty
Package: booktabs 2020/01/12 v1.61803398 Publication quality tables
\heavyrulewidth=\dimen272
\lightrulewidth=\dimen273
\cmidrulewidth=\dimen274
\belowrulesep=\dimen275
\belowbottomsep=\dimen276
\aboverulesep=\dimen277
\abovetopsep=\dimen278
\cmidrulesep=\dimen279
\cmidrulekern=\dimen280
\defaultaddspace=\dimen281
\@cmidla=\count329
\@cmidlb=\count330
\@aboverulesep=\dimen282
\@belowrulesep=\dimen283
\@thisruleclass=\count331
\@lastruleclass=\count332
\@thisrulewidth=\dimen284
) (C:\Users\lukam\AppData\Local\Programs\MiKTeX\tex/latex/multirow\multirow.sty
Package: multirow 2024/11/12 v2.9 Span multiple rows of a table
\multirow@colwidth=\skip64
\multirow@cntb=\count333
\multirow@dima=\skip65
\bigstrutjot=\dimen285
) (C:\Users\lukam\AppData\Local\Programs\MiKTeX\tex/latex/tools\tabularx.sty
Package: tabularx 2023/12/11 v2.12a `tabularx' package (DPC)
 (C:\Users\lukam\AppData\Local\Programs\MiKTeX\tex/latex/tools\array.sty
Package: array 2025/06/08 v2.6j Tabular extension package (FMi)
\col@sep=\dimen286
\ar@mcellbox=\box69
\extrarowheight=\dimen287
\NC@list=\toks47
\extratabsurround=\skip66
\backup@length=\skip67
\ar@cellbox=\box70
)
\TX@col@width=\dimen288
\TX@old@table=\dimen289
\TX@old@col=\dimen290
\TX@target=\dimen291
\TX@delta=\dimen292
\TX@cols=\count334
\TX@ftn=\toks48
) (C:\Users\lukam\AppData\Local\Programs\MiKTeX\tex/latex/newtx\newtxtext.sty
Package: newtxtext 2024/04/01 v1.744(Michael Sharpe) latex and unicode latex support for TeXGyreTermesX
 `newtxtext' v1.744, 2024/04/01 Text macros taking advantage of TeXGyre Termes and its extensions (msharpe) (C:\Users\lukam\AppData\Local\Programs\MiKTeX\tex/latex/xpatch\xpatch.sty (C:\Users\lukam\AppData\Local\Programs\MiKTeX\tex/latex/l3kernel\expl3.sty
Package: expl3 2025-08-13 L3 programming layer (loader) 
 (C:\Users\lukam\AppData\Local\Programs\MiKTeX\tex/latex/l3backend\l3backend-pdftex.def
File: l3backend-pdftex.def 2025-06-09 L3 backend support: PDF output (pdfTeX)
\l__color_backend_stack_int=\count335
))
Package: xpatch 2020/03/25 v0.3a Extending etoolbox patching commands
 (C:\Users\lukam\AppData\Local\Programs\MiKTeX\tex/latex/l3packages/xparse\xparse.sty
Package: xparse 2024-08-16 L3 Experimental document command parser
)) (C:\Users\lukam\AppData\Local\Programs\MiKTeX\tex/generic/iftex\iftex.sty
Package: iftex 2024/12/12 v1.0g TeX engine tests
) (C:\Users\lukam\AppData\Local\Programs\MiKTeX\tex/latex/xkeyval\xkeyval.sty
Package: xkeyval 2022/06/16 v2.9 package option processing (HA)
 (C:\Users\lukam\AppData\Local\Programs\MiKTeX\tex/generic/xkeyval\xkeyval.tex (C:\Users\lukam\AppData\Local\Programs\MiKTeX\tex/generic/xkeyval\xkvutils.tex
\XKV@toks=\toks49
\XKV@tempa@toks=\toks50
)
\XKV@depth=\count336
File: xkeyval.tex 2014/12/03 v2.7a key=value parser (HA)
)) (C:\Users\lukam\AppData\Local\Programs\MiKTeX\tex/latex/base\textcomp.sty
Package: textcomp 2024/04/24 v2.1b Standard LaTeX package
) (C:\Users\lukam\AppData\Local\Programs\MiKTeX\tex/latex/xstring\xstring.sty (C:\Users\lukam\AppData\Local\Programs\MiKTeX\tex/generic/xstring\xstring.tex
\xs_counta=\count337
\xs_countb=\count338
)
Package: xstring 2023/08/22 v1.86 String manipulations (CT)
) (C:\Users\lukam\AppData\Local\Programs\MiKTeX\tex/latex/base\ifthen.sty
Package: ifthen 2024/03/16 v1.1e Standard LaTeX ifthen package (DPC)
) (C:\Users\lukam\AppData\Local\Programs\MiKTeX\tex/latex/carlisle\scalefnt.sty)
LaTeX Font Info:    Setting ntxLF sub-encoding to TS1/0 on input line 24.
LaTeX Font Info:    Setting ntxTLF sub-encoding to TS1/0 on input line 24.
LaTeX Font Info:    Setting ntxOsF sub-encoding to TS1/0 on input line 24.
LaTeX Font Info:    Setting ntxTOsF sub-encoding to TS1/0 on input line 24.
 (C:\Users\lukam\AppData\Local\Programs\MiKTeX\tex/generic/binhex\binhex.tex)
\ntx@tmpcnta=\count339
\ntx@cnt=\count340
 (C:\Users\lukam\AppData\Local\Programs\MiKTeX\tex/latex/fontaxes\fontaxes.sty
Package: fontaxes 2025-05-24 v2.0.1 Font selection axes (deprecated)
 (C:\Users\lukam\AppData\Local\Programs\MiKTeX\tex/latex/figureversions\figureversions.sty
Package: figureversions 2025-04-29 v1.0.1 Figure versions
))
\tx@sixem=\dimen293
\tx@y=\dimen294
\tx@x=\dimen295
\tx@tmpdima=\dimen296
\tx@tmpdimb=\dimen297
\tx@tmpdimc=\dimen298
\tx@tmpdimd=\dimen299
\tx@tmpdime=\dimen300
\tx@tmpdimf=\dimen301
\tx@dimA=\dimen302
\tx@dimAA=\dimen303
\tx@dimB=\dimen304
\tx@dimBB=\dimen305
\tx@dimC=\dimen306
LaTeX Info: Redefining \oldstylenums on input line 902.
) (C:\Users\lukam\AppData\Local\Programs\MiKTeX\tex/latex/hyperref\hyperref.sty
Package: hyperref 2025-07-12 v7.01o Hypertext links for LaTeX
 (C:\Users\lukam\AppData\Local\Programs\MiKTeX\tex/latex/kvsetkeys\kvsetkeys.sty
Package: kvsetkeys 2022-10-05 v1.19 Key value parser (HO)
) (C:\Users\lukam\AppData\Local\Programs\MiKTeX\tex/generic/kvdefinekeys\kvdefinekeys.sty
Package: kvdefinekeys 2019-12-19 v1.6 Define keys (HO)
) (C:\Users\lukam\AppData\Local\Programs\MiKTeX\tex/generic/pdfescape\pdfescape.sty
Package: pdfescape 2019/12/09 v1.15 Implements pdfTeX's escape features (HO)
 (C:\Users\lukam\AppData\Local\Programs\MiKTeX\tex/generic/ltxcmds\ltxcmds.sty
Package: ltxcmds 2023-12-04 v1.26 LaTeX kernel commands for general use (HO)
) (C:\Users\lukam\AppData\Local\Programs\MiKTeX\tex/generic/pdftexcmds\pdftexcmds.sty
Package: pdftexcmds 2020-06-27 v0.33 Utility functions of pdfTeX for LuaTeX (HO)
 (C:\Users\lukam\AppData\Local\Programs\MiKTeX\tex/generic/infwarerr\infwarerr.sty
Package: infwarerr 2019/12/03 v1.5 Providing info/warning/error messages (HO)
)
Package pdftexcmds Info: \pdf@primitive is available.
Package pdftexcmds Info: \pdf@ifprimitive is available.
Package pdftexcmds Info: \pdfdraftmode found.
)) (C:\Users\lukam\AppData\Local\Programs\MiKTeX\tex/latex/hycolor\hycolor.sty
Package: hycolor 2020-01-27 v1.10 Color options for hyperref/bookmark (HO)
) (C:\Users\lukam\AppData\Local\Programs\MiKTeX\tex/latex/hyperref\nameref.sty
Package: nameref 2025-06-21 v2.57 Cross-referencing by name of section
 (C:\Users\lukam\AppData\Local\Programs\MiKTeX\tex/latex/refcount\refcount.sty
Package: refcount 2019/12/15 v3.6 Data extraction from label references (HO)
) (C:\Users\lukam\AppData\Local\Programs\MiKTeX\tex/generic/gettitlestring\gettitlestring.sty
Package: gettitlestring 2019/12/15 v1.6 Cleanup title references (HO)
 (C:\Users\lukam\AppData\Local\Programs\MiKTeX\tex/latex/kvoptions\kvoptions.sty
Package: kvoptions 2022-06-15 v3.15 Key value format for package options (HO)
))
\c@section@level=\count341
) (C:\Users\lukam\AppData\Local\Programs\MiKTeX\tex/generic/stringenc\stringenc.sty
Package: stringenc 2019/11/29 v1.12 Convert strings between diff. encodings (HO)
)
\@linkdim=\dimen307
\Hy@linkcounter=\count342
\Hy@pagecounter=\count343
 (C:\Users\lukam\AppData\Local\Programs\MiKTeX\tex/latex/hyperref\pd1enc.def
File: pd1enc.def 2025-07-12 v7.01o Hyperref: PDFDocEncoding definition (HO)
Now handling font encoding PD1 ...
... no UTF-8 mapping file for font encoding PD1
) (C:\Users\lukam\AppData\Local\Programs\MiKTeX\tex/generic/intcalc\intcalc.sty
Package: intcalc 2019/12/15 v1.3 Expandable calculations with integers (HO)
)
\Hy@SavedSpaceFactor=\count344
 (C:\Users\lukam\AppData\Local\Programs\MiKTeX\tex/latex/hyperref\puenc.def
File: puenc.def 2025-07-12 v7.01o Hyperref: PDF Unicode definition (HO)
Now handling font encoding PU ...
... no UTF-8 mapping file for font encoding PU
)
Package hyperref Info: Hyper figures OFF on input line 4195.
Package hyperref Info: Link nesting OFF on input line 4200.
Package hyperref Info: Hyper index ON on input line 4203.
Package hyperref Info: Plain pages OFF on input line 4210.
Package hyperref Info: Backreferencing OFF on input line 4215.
Package hyperref Info: Implicit mode ON; LaTeX internals redefined.
Package hyperref Info: Bookmarks ON on input line 4462.
\c@Hy@tempcnt=\count345
 (C:\Users\lukam\AppData\Local\Programs\MiKTeX\tex/latex/url\url.sty
\Urlmuskip=\muskip18
Package: url 2013/09/16  ver 3.4  Verb mode for urls, etc.
)
LaTeX Info: Redefining \url on input line 4801.
\XeTeXLinkMargin=\dimen308
 (C:\Users\lukam\AppData\Local\Programs\MiKTeX\tex/generic/bitset\bitset.sty
Package: bitset 2019/12/09 v1.3 Handle bit-vector datatype (HO)
 (C:\Users\lukam\AppData\Local\Programs\MiKTeX\tex/generic/bigintcalc\bigintcalc.sty
Package: bigintcalc 2019/12/15 v1.5 Expandable calculations on big integers (HO)
))
\Fld@menulength=\count346
\Field@Width=\dimen309
\Fld@charsize=\dimen310
Package hyperref Info: Hyper figures OFF on input line 6078.
Package hyperref Info: Link nesting OFF on input line 6083.
Package hyperref Info: Hyper index ON on input line 6086.
Package hyperref Info: backreferencing OFF on input line 6093.
Package hyperref Info: Link coloring OFF on input line 6098.
Package hyperref Info: Link coloring with OCG OFF on input line 6103.
Package hyperref Info: PDF/A mode OFF on input line 6108.
\Hy@abspage=\count347
\c@Item=\count348
\c@Hfootnote=\count349
)
Package hyperref Info: Driver (autodetected): hpdftex.
 (C:\Users\lukam\AppData\Local\Programs\MiKTeX\tex/latex/hyperref\hpdftex.def
File: hpdftex.def 2025-07-12 v7.01o Hyperref driver for pdfTeX
\Fld@listcount=\count350
\c@bookmark@seq@number=\count351
 (C:\Users\lukam\AppData\Local\Programs\MiKTeX\tex/latex/rerunfilecheck\rerunfilecheck.sty
Package: rerunfilecheck 2025-06-21 v1.11 Rerun checks for auxiliary files (HO)
 (C:\Users\lukam\AppData\Local\Programs\MiKTeX\tex/generic/uniquecounter\uniquecounter.sty
Package: uniquecounter 2019/12/15 v1.4 Provide unlimited unique counter (HO)
)
Package uniquecounter Info: New unique counter `rerunfilecheck' on input line 284.
)
\Hy@SectionHShift=\skip68
) (C:\Users\lukam\AppData\Local\Programs\MiKTeX\tex/latex/geometry\geometry.sty
Package: geometry 2020/01/02 v5.9 Page Geometry
 (C:\Users\lukam\AppData\Local\Programs\MiKTeX\tex/generic/iftex\ifvtex.sty
Package: ifvtex 2019/10/25 v1.7 ifvtex legacy package. Use iftex instead.
)
\Gm@cnth=\count352
\Gm@cntv=\count353
\c@Gm@tempcnt=\count354
\Gm@bindingoffset=\dimen311
\Gm@wd@mp=\dimen312
\Gm@odd@mp=\dimen313
\Gm@even@mp=\dimen314
\Gm@layoutwidth=\dimen315
\Gm@layoutheight=\dimen316
\Gm@layouthoffset=\dimen317
\Gm@layoutvoffset=\dimen318
\Gm@dimlist=\toks51
 (C:\Users\lukam\AppData\Local\Programs\MiKTeX\tex/latex/geometry\geometry.cfg)) (C:\Users\lukam\AppData\Local\Programs\MiKTeX\tex/latex/enumitem\enumitem.sty
Package: enumitem 2025/02/06 v3.11 Customized lists
\labelindent=\skip69
\enit@outerparindent=\dimen319
\enit@toks=\toks52
\enit@inbox=\box71
\enit@count@id=\count355
\enitdp@description=\count356
) (C:\Users\lukam\AppData\Local\Programs\MiKTeX\tex/latex/tocbibind\tocbibind.sty
Package: tocbibind 2010/10/13 v1.5k extra ToC listings
Package tocbibind Info: The document has section divisions on input line 50.


Package tocbibind Note: Using section or other style headings.

)
LaTeX Font Info:    Trying to load font information for T1+ntxtlf on input line 48.
 (C:\Users\lukam\AppData\Local\Programs\MiKTeX\tex/latex/newtx\t1ntxtlf.fd
File: t1ntxtlf.fd 2021/05/24 v1.1 font definition file for T1/ntx/tlf
)
LaTeX Font Info:    Font shape `T1/ntxtlf/m/n' will be
(Font)              scaled to size 12.0pt on input line 48.
 (final_clean_main.aux
Package babel Info: 'serbian' activates 'serbian' shorthands.
(babel)             Reported on input line 8.
)
\openout1 = `final_clean_main.aux'.

LaTeX Font Info:    Checking defaults for OML/cmm/m/it on input line 48.
LaTeX Font Info:    ... okay on input line 48.
LaTeX Font Info:    Checking defaults for OMS/cmsy/m/n on input line 48.
LaTeX Font Info:    ... okay on input line 48.
LaTeX Font Info:    Checking defaults for OT1/cmr/m/n on input line 48.
LaTeX Font Info:    ... okay on input line 48.
LaTeX Font Info:    Checking defaults for T1/cmr/m/n on input line 48.
LaTeX Font Info:    ... okay on input line 48.
LaTeX Font Info:    Checking defaults for TS1/cmr/m/n on input line 48.
LaTeX Font Info:    ... okay on input line 48.
LaTeX Font Info:    Checking defaults for OMX/cmex/m/n on input line 48.
LaTeX Font Info:    ... okay on input line 48.
LaTeX Font Info:    Checking defaults for U/cmr/m/n on input line 48.
LaTeX Font Info:    ... okay on input line 48.
LaTeX Font Info:    Checking defaults for PD1/pdf/m/n on input line 48.
LaTeX Font Info:    ... okay on input line 48.
LaTeX Font Info:    Checking defaults for PU/pdf/m/n on input line 48.
LaTeX Font Info:    ... okay on input line 48.
LaTeX Info: Redefining \microtypecontext on input line 48.
Package microtype Info: Applying patch `item' on input line 48.
Package microtype Info: Applying patch `toc' on input line 48.
Package microtype Info: Applying patch `eqnum' on input line 48.
Package microtype Info: Applying patch `footnote' on input line 48.
Package microtype Info: Applying patch `verbatim' on input line 48.
LaTeX Info: Redefining \microtypesetup on input line 48.
Package microtype Info: Generating PDF output.
Package microtype Info: Character protrusion enabled (level 2).
Package microtype Info: Using default protrusion set `alltext'.
Package microtype Info: No font expansion.
Package microtype Info: No adjustment of tracking.
Package microtype Info: No adjustment of interword spacing.
Package microtype Info: No adjustment of character kerning.
 (C:\Users\lukam\AppData\Local\Programs\MiKTeX\tex/latex/microtype\mt-ptm.cfg
File: mt-ptm.cfg 2006/04/20 v1.7 microtype config. file: Times (RS)
) (C:\Users\lukam\AppData\Local\Programs\MiKTeX\tex/context/base/mkii\supp-pdf.mkii
[Loading MPS to PDF converter (version 2006.09.02).]
\scratchcounter=\count357
\scratchdimen=\dimen320
\scratchbox=\box72
\nofMPsegments=\count358
\nofMParguments=\count359
\everyMPshowfont=\toks53
\MPscratchCnt=\count360
\MPscratchDim=\dimen321
\MPnumerator=\count361
\makeMPintoPDFobject=\count362
\everyMPtoPDFconversion=\toks54
) (C:\Users\lukam\AppData\Local\Programs\MiKTeX\tex/latex/epstopdf-pkg\epstopdf-base.sty
Package: epstopdf-base 2020-01-24 v2.11 Base part for package epstopdf
 (C:\Users\lukam\AppData\Local\Programs\MiKTeX\tex/latex/grfext\grfext.sty
Package: grfext 2019/12/03 v1.3 Manage graphics extensions (HO)
)
Package epstopdf-base Info: Redefining graphics rule for `.eps' on input line 485.
Package grfext Info: Graphics extension search list:
(grfext)             [.pdf,.png,.jpg,.mps,.jpeg,.jbig2,.jb2,.PDF,.PNG,.JPG,.JPEG,.JBIG2,.JB2,.eps]
(grfext)             \AppendGraphicsExtensions on input line 504.
 (C:\Users\lukam\AppData\Local\Programs\MiKTeX\tex/latex/00miktex\epstopdf-sys.cfg
File: epstopdf-sys.cfg 2021/03/18 v2.0 Configuration of epstopdf for MiKTeX
))
Redefining \end@dblfloat\ for use with subfigure
\c@mv@tabular=\count363
\c@mv@boldtabular=\count364
Package hyperref Info: Link coloring OFF on input line 48.
(final_clean_main.out) (final_clean_main.out)
\@outlinefile=\write4
\openout4 = `final_clean_main.out'.


*geometry* driver: auto-detecting
*geometry* detected driver: pdftex
*geometry* verbose mode - [ preamble ] result:
* driver: pdftex
* paper: a4paper
* layout: <same size as paper>
* layoutoffset:(h,v)=(0.0pt,0.0pt)
* modes: 
* h-part:(L,W,R)=(56.9055pt, 483.69687pt, 56.9055pt)
* v-part:(T,H,B)=(71.13188pt, 702.78308pt, 71.13188pt)
* \paperwidth=597.50787pt
* \paperheight=845.04684pt
* \textwidth=483.69687pt
* \textheight=702.78308pt
* \oddsidemargin=-15.36449pt
* \evensidemargin=-15.36449pt
* \topmargin=-38.1381pt
* \headheight=12.0pt
* \headsep=25.0pt
* \topskip=12.0pt
* \footskip=30.0pt
* \marginparwidth=44.0pt
* \marginparsep=10.0pt
* \columnsep=10.0pt
* \skip\footins=10.8pt plus 4.0pt minus 2.0pt
* \hoffset=0.0pt
* \voffset=0.0pt
* \mag=1000
* \@twocolumnfalse
* \@twosidefalse
* \@mparswitchfalse
* \@reversemarginfalse
* (1in=72.27pt=25.4mm, 1cm=28.453pt)

<grafici/etflogotip.png, id=186, 112.0185pt x 230.7822pt>
File: grafici/etflogotip.png Graphic file (type png)
<use grafici/etflogotip.png>
Package pdftex.def Info: grafici/etflogotip.png  used on input line 53.
(pdftex.def)             Requested size: 56.9055pt x 117.23956pt.
LaTeX Font Info:    Font shape `T1/ntxtlf/m/n' will be
(Font)              scaled to size 14.4pt on input line 58.
LaTeX Font Info:    Font shape `T1/ntxtlf/b/n' will be
(Font)              scaled to size 14.4pt on input line 58.
LaTeX Font Info:    Font shape `T1/ntxtlf/m/n' will be
(Font)              scaled to size 24.88pt on input line 71.
LaTeX Font Info:    Font shape `T1/ntxtlf/b/n' will be
(Font)              scaled to size 24.88pt on input line 71.
LaTeX Font Info:    Font shape `T1/ntxtlf/m/n' will be
(Font)              scaled to size 10.95pt on input line 76.
LaTeX Font Info:    Font shape `T1/ntxtlf/b/n' will be
(Font)              scaled to size 10.95pt on input line 76.
LaTeX Font Info:    Trying to load font information for OT1+lmr on input line 84.
(C:\Users\lukam\AppData\Local\Programs\MiKTeX\tex/latex/lm\ot1lmr.fd
File: ot1lmr.fd 2015/05/01 v1.6.1 Font defs for Latin Modern
) (C:\Users\lukam\AppData\Local\Programs\MiKTeX\tex/latex/microtype\mt-cmr.cfg
File: mt-cmr.cfg 2013/05/19 v2.2 microtype config. file: Computer Modern Roman (RS)
)
LaTeX Font Info:    Trying to load font information for OML+lmm on input line 84.
 (C:\Users\lukam\AppData\Local\Programs\MiKTeX\tex/latex/lm\omllmm.fd
File: omllmm.fd 2015/05/01 v1.6.1 Font defs for Latin Modern
)
LaTeX Font Info:    Trying to load font information for OMS+lmsy on input line 84.
 (C:\Users\lukam\AppData\Local\Programs\MiKTeX\tex/latex/lm\omslmsy.fd
File: omslmsy.fd 2015/05/01 v1.6.1 Font defs for Latin Modern
)
LaTeX Font Info:    Trying to load font information for OMX+lmex on input line 84.
 (C:\Users\lukam\AppData\Local\Programs\MiKTeX\tex/latex/lm\omxlmex.fd
File: omxlmex.fd 2015/05/01 v1.6.1 Font defs for Latin Modern
)
LaTeX Font Info:    External font `lmex10' loaded for size
(Font)              <12> on input line 84.
LaTeX Font Info:    External font `lmex10' loaded for size
(Font)              <8> on input line 84.
LaTeX Font Info:    External font `lmex10' loaded for size
(Font)              <6> on input line 84.
LaTeX Font Info:    Trying to load font information for U+msa on input line 84.
 (C:\Users\lukam\AppData\Local\Programs\MiKTeX\tex/latex/amsfonts\umsa.fd
File: umsa.fd 2013/01/14 v3.01 AMS symbols A
) (C:\Users\lukam\AppData\Local\Programs\MiKTeX\tex/latex/microtype\mt-msa.cfg
File: mt-msa.cfg 2006/02/04 v1.1 microtype config. file: AMS symbols (a) (RS)
)
LaTeX Font Info:    Trying to load font information for U+msb on input line 84.
 (C:\Users\lukam\AppData\Local\Programs\MiKTeX\tex/latex/amsfonts\umsb.fd
File: umsb.fd 2013/01/14 v3.01 AMS symbols B
) (C:\Users\lukam\AppData\Local\Programs\MiKTeX\tex/latex/microtype\mt-msb.cfg
File: mt-msb.cfg 2005/06/01 v1.0 microtype config. file: AMS symbols (b) (RS)
)
LaTeX Font Info:    Font shape `T1/ntxtlf/m/sl' will be
(Font)              scaled to size 14.4pt on input line 88.


[1

{C:/Users/lukam/AppData/Local/MiKTeX/fonts/map/pdftex/pdftex.map}{C:/Users/lukam/AppData/Local/Programs/MiKTeX/fonts/enc/dvips/newtx/ntx-ec-tlf.enc}{C:/Users/lukam/AppData/Local/Programs/MiKTeX/fonts/enc/dvips/newtx/ntx-ecth-tlf.enc} <./grafici/etflogotip.png>]
LaTeX Font Info:    Font shape `T1/ntxtlf/m/n' will be
(Font)              scaled to size 17.28pt on input line 102.
LaTeX Font Info:    Font shape `T1/ntxtlf/b/n' will be
(Font)              scaled to size 17.28pt on input line 102.
 (final_clean_main.toc
LaTeX Font Info:    Font shape `T1/ntxtlf/b/n' will be
(Font)              scaled to size 12.0pt on input line 2.


[2])
\tf@toc=\write5
\openout5 = `final_clean_main.toc'.



[3]
LaTeX Font Info:    Font shape `T1/ntxtlf/m/it' will be
(Font)              scaled to size 12.0pt on input line 118.



pdfTeX warning (ext4): destination with the same identifier (name{page.1}) has been already used, duplicate ignored
<to be read again> 
                   \relax 
l.125 \newpage
               [1]


pdfTeX warning (ext4): destination with the same identifier (name{page.2}) has been already used, duplicate ignored
<to be read again> 
                   \relax 
l.144 
       [2]
LaTeX Font Info:    Trying to load font information for TS1+ntxtlf on input line 149.
 (C:\Users\lukam\AppData\Local\Programs\MiKTeX\tex/latex/newtx\ts1ntxtlf.fd
File: ts1ntxtlf.fd 2015/01/18 v1.0 fd file for TS1/ntxtlf
)
LaTeX Font Info:    Font shape `TS1/ntxtlf/m/n' will be
(Font)              scaled to size 12.0pt on input line 149.



pdfTeX warning (ext4): destination with the same identifier (name{page.3}) has been already used, duplicate ignored
<to be read again> 
                   \relax 
l.190     \end{equation*}
                          [3{C:/Users/lukam/AppData/Local/Programs/MiKTeX/fonts/enc/dvips/lm/lm-mathit.enc}{C:/Users/lukam/AppData/Local/Programs/MiKTeX/fonts/enc/dvips/tex-gyre/q-ts1.enc}{C:/Users/lukam/AppData/Local/Programs/MiKTeX/fonts/enc/dvips/lm/lm-mathsy.enc}{C:/Users/lukam/AppData/Local/Programs/MiKTeX/fonts/enc/dvips/lm/lm-rm.enc}]

[4]

[5{C:/Users/lukam/AppData/Local/Programs/MiKTeX/fonts/enc/dvips/lm/lm-mathex.enc}]

[6]
LaTeX Font Info:    Font shape `T1/ntxtlf/m/n' will be
(Font)              scaled to size 8.0pt on input line 428.
LaTeX Font Info:    Font shape `T1/ntxtlf/m/n' will be
(Font)              scaled to size 6.0pt on input line 428.


[7]

[8]

[9]

[10]

[11]

[12]

[13]
LaTeX Font Info:    Trying to load font information for T1+lmtt on input line 833.
 (C:\Users\lukam\AppData\Local\Programs\MiKTeX\tex/latex/lm\t1lmtt.fd
File: t1lmtt.fd 2015/05/01 v1.6.1 Font defs for Latin Modern
)
Package microtype Info: Loading generic protrusion settings for font family
(microtype)             `lmtt' (encoding: T1).
(microtype)             For optimal results, create family-specific settings.
(microtype)             See the microtype manual for details.


[14]

[15{C:/Users/lukam/AppData/Local/Programs/MiKTeX/fonts/enc/dvips/lm/lm-ec.enc}]

[16]
<stkriging/primer.png, id=459, 570.933pt x 354.123pt>
File: stkriging/primer.png Graphic file (type png)
<use stkriging/primer.png>
Package pdftex.def Info: stkriging/primer.png  used on input line 931.
(pdftex.def)             Requested size: 338.58632pt x 210.01685pt.


[17 <./stkriging/primer.png>]

[18]

[19]
LaTeX Info: Symbol \textthreesuperior not provided by
            font family ntxtlf in TS1 encoding.
            Default family used instead on input line 1049.
LaTeX Info: Symbol \textthreesuperior not provided by
            font family ntxtlf in TS1 encoding.
            Default family used instead on input line 1050.
LaTeX Info: Symbol \textthreesuperior not provided by
            font family ntxtlf in TS1 encoding.
            Default family used instead on input line 1050.
LaTeX Info: Symbol \textthreesuperior not provided by
            font family ntxtlf in TS1 encoding.
            Default family used instead on input line 1051.
<grafici/mapa_lokacija.png, id=488, 752.8125pt x 752.8125pt>
File: grafici/mapa_lokacija.png Graphic file (type png)
<use grafici/mapa_lokacija.png>
Package pdftex.def Info: grafici/mapa_lokacija.png  used on input line 1061.
(pdftex.def)             Requested size: 290.22107pt x 290.23pt.
<grafici/AMBROZIJA_KRAGUJEVAC_daily_concentration.png, id=489, 903.375pt x 376.40625pt>
File: grafici/AMBROZIJA_KRAGUJEVAC_daily_concentration.png Graphic file (type png)
<use grafici/AMBROZIJA_KRAGUJEVAC_daily_concentration.png>
Package pdftex.def Info: grafici/AMBROZIJA_KRAGUJEVAC_daily_concentration.png  used on input line 1072.
(pdftex.def)             Requested size: 232.17242pt x 96.73758pt.
LaTeX Font Info:    Font shape `T1/ntxtlf/m/n' will be
(Font)              scaled to size 10.0pt on input line 1072.
<grafici/AMBROZIJA_PANČEVO_daily_concentration.png, id=490, 903.375pt x 376.40625pt>
File: grafici/AMBROZIJA_PANČEVO_daily_concentration.png Graphic file (type png)
<use grafici/AMBROZIJA_PANČEVO_daily_concentration.png>
Package pdftex.def Info: grafici/AMBROZIJA_PANČEVO_daily_concentration.png  used on input line 1076.
(pdftex.def)             Requested size: 232.17242pt x 96.73758pt.
<grafici/JOVA_KRAGUJEVAC_daily_concentration.png, id=491, 903.375pt x 376.40625pt>
File: grafici/JOVA_KRAGUJEVAC_daily_concentration.png Graphic file (type png)
<use grafici/JOVA_KRAGUJEVAC_daily_concentration.png>
Package pdftex.def Info: grafici/JOVA_KRAGUJEVAC_daily_concentration.png  used on input line 1082.
(pdftex.def)             Requested size: 232.17242pt x 96.73758pt.
<grafici/JOVA_PANČEVO_daily_concentration.png, id=492, 903.375pt x 376.40625pt>
File: grafici/JOVA_PANČEVO_daily_concentration.png Graphic file (type png)
<use grafici/JOVA_PANČEVO_daily_concentration.png>
Package pdftex.def Info: grafici/JOVA_PANČEVO_daily_concentration.png  used on input line 1086.
(pdftex.def)             Requested size: 232.17242pt x 96.73758pt.
<grafici/TRAVE_KRAGUJEVAC_daily_concentration.png, id=493, 903.375pt x 376.40625pt>
File: grafici/TRAVE_KRAGUJEVAC_daily_concentration.png Graphic file (type png)
<use grafici/TRAVE_KRAGUJEVAC_daily_concentration.png>
Package pdftex.def Info: grafici/TRAVE_KRAGUJEVAC_daily_concentration.png  used on input line 1092.
(pdftex.def)             Requested size: 232.17242pt x 96.73758pt.
<grafici/TRAVE_PANČEVO_daily_concentration.png, id=494, 903.375pt x 376.40625pt>
File: grafici/TRAVE_PANČEVO_daily_concentration.png Graphic file (type png)
<use grafici/TRAVE_PANČEVO_daily_concentration.png>
Package pdftex.def Info: grafici/TRAVE_PANČEVO_daily_concentration.png  used on input line 1096.
(pdftex.def)             Requested size: 232.17242pt x 96.73758pt.


[20 <./grafici/mapa_lokacija.png>]

[21 <./grafici/AMBROZIJA_KRAGUJEVAC_daily_concentration.png> <./grafici/AMBROZIJA_PANČEVO_daily_concentration.png> <./grafici/JOVA_KRAGUJEVAC_daily_concentration.png> <./grafici/JOVA_PANČEVO_daily_concentration.png> <./grafici/TRAVE_KRAGUJEVAC_daily_concentration.png> <./grafici/TRAVE_PANČEVO_daily_concentration.png>]
<grafici/ambrozija_meteo_gradovi.png, id=530, 1882.03125pt x 903.375pt>
File: grafici/ambrozija_meteo_gradovi.png Graphic file (type png)
<use grafici/ambrozija_meteo_gradovi.png>
Package pdftex.def Info: grafici/ambrozija_meteo_gradovi.png  used on input line 1169.
(pdftex.def)             Requested size: 483.69687pt x 232.17023pt.


[22]
<grafici/AMBROZIJA_KRAGUJEVAC_seasonal_concentration.png, id=544, 1053.9375pt x 376.40625pt>
File: grafici/AMBROZIJA_KRAGUJEVAC_seasonal_concentration.png Graphic file (type png)
<use grafici/AMBROZIJA_KRAGUJEVAC_seasonal_concentration.png>
Package pdftex.def Info: grafici/AMBROZIJA_KRAGUJEVAC_seasonal_concentration.png  used on input line 1202.
(pdftex.def)             Requested size: 232.17242pt x 82.91875pt.
<grafici/AMBROZIJA_PANČEVO_seasonal_concentration.png, id=545, 1053.9375pt x 376.40625pt>
File: grafici/AMBROZIJA_PANČEVO_seasonal_concentration.png Graphic file (type png)
<use grafici/AMBROZIJA_PANČEVO_seasonal_concentration.png>
Package pdftex.def Info: grafici/AMBROZIJA_PANČEVO_seasonal_concentration.png  used on input line 1205.
(pdftex.def)             Requested size: 232.17242pt x 82.91875pt.
<grafici/JOVA_KRAGUJEVAC_seasonal_concentration.png, id=546, 1053.9375pt x 376.40625pt>
File: grafici/JOVA_KRAGUJEVAC_seasonal_concentration.png Graphic file (type png)
<use grafici/JOVA_KRAGUJEVAC_seasonal_concentration.png>
Package pdftex.def Info: grafici/JOVA_KRAGUJEVAC_seasonal_concentration.png  used on input line 1210.
(pdftex.def)             Requested size: 232.17242pt x 82.91875pt.
<grafici/JOVA_PANČEVO_seasonal_concentration.png, id=547, 1053.9375pt x 376.40625pt>
File: grafici/JOVA_PANČEVO_seasonal_concentration.png Graphic file (type png)
<use grafici/JOVA_PANČEVO_seasonal_concentration.png>
Package pdftex.def Info: grafici/JOVA_PANČEVO_seasonal_concentration.png  used on input line 1213.
(pdftex.def)             Requested size: 232.17242pt x 82.91875pt.
<grafici/TRAVE_KRAGUJEVAC_seasonal_concentration.png, id=548, 1053.9375pt x 376.40625pt>
File: grafici/TRAVE_KRAGUJEVAC_seasonal_concentration.png Graphic file (type png)
<use grafici/TRAVE_KRAGUJEVAC_seasonal_concentration.png>
Package pdftex.def Info: grafici/TRAVE_KRAGUJEVAC_seasonal_concentration.png  used on input line 1218.
(pdftex.def)             Requested size: 232.17242pt x 82.91875pt.
<grafici/TRAVE_PANČEVO_seasonal_concentration.png, id=549, 1053.9375pt x 376.40625pt>
File: grafici/TRAVE_PANČEVO_seasonal_concentration.png Graphic file (type png)
<use grafici/TRAVE_PANČEVO_seasonal_concentration.png>
Package pdftex.def Info: grafici/TRAVE_PANČEVO_seasonal_concentration.png  used on input line 1221.
(pdftex.def)             Requested size: 232.17242pt x 82.91875pt.


[23 <./grafici/ambrozija_meteo_gradovi.png>]
LaTeX Info: Symbol \textthreesuperior not provided by
            font family ntxtlf in TS1 encoding.
            Default family used instead on input line 1236.
<grafici/log1p.png, id=558, 602.25pt x 376.40625pt>
File: grafici/log1p.png Graphic file (type png)
<use grafici/log1p.png>
Package pdftex.def Info: grafici/log1p.png  used on input line 1239.
(pdftex.def)             Requested size: 290.22107pt x 181.39662pt.


[24 <./grafici/AMBROZIJA_KRAGUJEVAC_seasonal_concentration.png> <./grafici/AMBROZIJA_PANČEVO_seasonal_concentration.png> <./grafici/JOVA_KRAGUJEVAC_seasonal_concentration.png> <./grafici/JOVA_PANČEVO_seasonal_concentration.png> <./grafici/TRAVE_KRAGUJEVAC_seasonal_concentration.png> <./grafici/TRAVE_PANČEVO_seasonal_concentration.png>]
LaTeX Info: Symbol \textthreesuperior not provided by
            font family ntxtlf in TS1 encoding.
            Default family used instead on input line 1248.
<grafici/AMBROZIJA_POŽAREVAC_seasonal_concentration_transforms.png, id=576, 1355.0625pt x 376.40625pt>
File: grafici/AMBROZIJA_POŽAREVAC_seasonal_concentration_transforms.png Graphic file (type png)
<use grafici/AMBROZIJA_POŽAREVAC_seasonal_concentration_transforms.png>
Package pdftex.def Info: grafici/AMBROZIJA_POŽAREVAC_seasonal_concentration_transforms.png  used on input line 1251.
(pdftex.def)             Requested size: 483.69687pt x 134.35744pt.


[25 <./grafici/log1p.png> <./grafici/AMBROZIJA_POŽAREVAC_seasonal_concentration_transforms.png>]
<grafici/AMBROZIJA_POŽAREVAC_seasonal_decomposition.png, id=590, 1196.47pt x 446.66875pt>
File: grafici/AMBROZIJA_POŽAREVAC_seasonal_decomposition.png Graphic file (type png)
<use grafici/AMBROZIJA_POŽAREVAC_seasonal_decomposition.png>
Package pdftex.def Info: grafici/AMBROZIJA_POŽAREVAC_seasonal_decomposition.png  used on input line 1284.
(pdftex.def)             Requested size: 483.69687pt x 180.5727pt.

Underfull \hbox (badness 10000) in paragraph at lines 1289--1290

 []



[26 <./grafici/AMBROZIJA_POŽAREVAC_seasonal_decomposition.png>]
<grafici/AMBROZIJA_variogrami.png, id=603, 903.375pt x 376.40625pt>
File: grafici/AMBROZIJA_variogrami.png Graphic file (type png)
<use grafici/AMBROZIJA_variogrami.png>
Package pdftex.def Info: grafici/AMBROZIJA_variogrami.png  used on input line 1323.
(pdftex.def)             Requested size: 483.69687pt x 201.54478pt.

Underfull \hbox (badness 10000) in paragraph at lines 1328--1329

 []



[27 <./grafici/AMBROZIJA_variogrami.png>]
Underfull \hbox (badness 10000) in paragraph at lines 1340--1341

 []

LaTeX Info: Symbol \textthreesuperior not provided by
            font family ntxtlf in TS1 encoding.
            Default family used instead on input line 1344.

Underfull \hbox (badness 10000) in paragraph at lines 1346--1347

 []



[28]
<grafici/periodogram_AMBROZIJA_POŽAREVAC.png, id=626, 714.0276pt x 423.984pt>
File: grafici/periodogram_AMBROZIJA_POŽAREVAC.png Graphic file (type png)
<use grafici/periodogram_AMBROZIJA_POŽAREVAC.png>
Package pdftex.def Info: grafici/periodogram_AMBROZIJA_POŽAREVAC.png  used on input line 1373.
(pdftex.def)             Requested size: 290.22107pt x 172.33363pt.


[29 <./grafici/periodogram_AMBROZIJA_POŽAREVAC.png>]
<grafici/seasonal_segment_AMBROZIJA_POŽAREVAC.png, id=640, 954.9276pt x 672.5928pt>
File: grafici/seasonal_segment_AMBROZIJA_POŽAREVAC.png Graphic file (type png)
<use grafici/seasonal_segment_AMBROZIJA_POŽAREVAC.png>
Package pdftex.def Info: grafici/seasonal_segment_AMBROZIJA_POŽAREVAC.png  used on input line 1392.
(pdftex.def)             Requested size: 483.69687pt x 340.68811pt.


[30 <./grafici/seasonal_segment_AMBROZIJA_POŽAREVAC.png>]
LaTeX Info: Symbol \textthreesuperior not provided by
            font family ntxtlf in TS1 encoding.
            Default family used instead on input line 1403.


[31]
LaTeX Font Info:    Font shape `TS1/ntxtlf/b/n' will be
(Font)              scaled to size 12.0pt on input line 1441.


[32]

[33]

[34]

[35]
<grafici/AMBROZIJA_KRAGUJEVAC_imputed_concentration.png, id=708, 1053.9375pt x 376.40625pt>
File: grafici/AMBROZIJA_KRAGUJEVAC_imputed_concentration.png Graphic file (type png)
<use grafici/AMBROZIJA_KRAGUJEVAC_imputed_concentration.png>
Package pdftex.def Info: grafici/AMBROZIJA_KRAGUJEVAC_imputed_concentration.png  used on input line 1601.
(pdftex.def)             Requested size: 232.17242pt x 82.91875pt.
<grafici/AMBROZIJA_PANČEVO_imputed_concentration.png, id=709, 1053.9375pt x 376.40625pt>
File: grafici/AMBROZIJA_PANČEVO_imputed_concentration.png Graphic file (type png)
<use grafici/AMBROZIJA_PANČEVO_imputed_concentration.png>
Package pdftex.def Info: grafici/AMBROZIJA_PANČEVO_imputed_concentration.png  used on input line 1602.
(pdftex.def)             Requested size: 232.17242pt x 82.91875pt.
<grafici/JOVA_KRAGUJEVAC_imputed_concentration.png, id=710, 1053.9375pt x 376.40625pt>
File: grafici/JOVA_KRAGUJEVAC_imputed_concentration.png Graphic file (type png)
<use grafici/JOVA_KRAGUJEVAC_imputed_concentration.png>
Package pdftex.def Info: grafici/JOVA_KRAGUJEVAC_imputed_concentration.png  used on input line 1603.
(pdftex.def)             Requested size: 232.17242pt x 82.91875pt.
<grafici/JOVA_PANČEVO_imputed_concentration.png, id=711, 1053.9375pt x 376.40625pt>
File: grafici/JOVA_PANČEVO_imputed_concentration.png Graphic file (type png)
<use grafici/JOVA_PANČEVO_imputed_concentration.png>
Package pdftex.def Info: grafici/JOVA_PANČEVO_imputed_concentration.png  used on input line 1604.
(pdftex.def)             Requested size: 232.17242pt x 82.91875pt.
<grafici/TRAVE_KRAGUJEVAC_imputed_concentration.png, id=712, 1053.9375pt x 376.40625pt>
File: grafici/TRAVE_KRAGUJEVAC_imputed_concentration.png Graphic file (type png)
<use grafici/TRAVE_KRAGUJEVAC_imputed_concentration.png>
Package pdftex.def Info: grafici/TRAVE_KRAGUJEVAC_imputed_concentration.png  used on input line 1605.
(pdftex.def)             Requested size: 232.17242pt x 82.91875pt.
<grafici/TRAVE_PANČEVO_imputed_concentration.png, id=713, 1053.9375pt x 376.40625pt>
File: grafici/TRAVE_PANČEVO_imputed_concentration.png Graphic file (type png)
<use grafici/TRAVE_PANČEVO_imputed_concentration.png>
Package pdftex.def Info: grafici/TRAVE_PANČEVO_imputed_concentration.png  used on input line 1606.
(pdftex.def)             Requested size: 232.17242pt x 82.91875pt.


[36 <./grafici/AMBROZIJA_KRAGUJEVAC_imputed_concentration.png> <./grafici/AMBROZIJA_PANČEVO_imputed_concentration.png> <./grafici/JOVA_KRAGUJEVAC_imputed_concentration.png> <./grafici/JOVA_PANČEVO_imputed_concentration.png> <./grafici/TRAVE_KRAGUJEVAC_imputed_concentration.png> <./grafici/TRAVE_PANČEVO_imputed_concentration.png>]
LaTeX Font Info:    External font `lmex10' loaded for size
(Font)              <10> on input line 1632.
LaTeX Font Info:    External font `lmex10' loaded for size
(Font)              <7> on input line 1632.
LaTeX Font Info:    External font `lmex10' loaded for size
(Font)              <5> on input line 1632.
LaTeX Font Info:    Font shape `T1/ntxtlf/m/n' will be
(Font)              scaled to size 7.0pt on input line 1632.


LaTeX Warning: `!h' float specifier changed to `!ht'.



[37]

[38]
<grafici/AMBROZIJA_POŽAREVAC_1d_meteo_sarimax.png, id=765, 1011.78pt x 361.35pt>
File: grafici/AMBROZIJA_POŽAREVAC_1d_meteo_sarimax.png Graphic file (type png)
<use grafici/AMBROZIJA_POŽAREVAC_1d_meteo_sarimax.png>
Package pdftex.def Info: grafici/AMBROZIJA_POŽAREVAC_1d_meteo_sarimax.png  used on input line 1774.
(pdftex.def)             Requested size: 217.66211pt x 77.73283pt.
<grafici/AMBROZIJA_POŽAREVAC_1d_nometeo_sarimax.png, id=766, 1011.78pt x 361.35pt>
File: grafici/AMBROZIJA_POŽAREVAC_1d_nometeo_sarimax.png Graphic file (type png)
<use grafici/AMBROZIJA_POŽAREVAC_1d_nometeo_sarimax.png>
Package pdftex.def Info: grafici/AMBROZIJA_POŽAREVAC_1d_nometeo_sarimax.png  used on input line 1777.
(pdftex.def)             Requested size: 217.66211pt x 77.73283pt.
<grafici/AMBROZIJA_POŽAREVAC_7d_meteo_sarimax.png, id=767, 1011.78pt x 361.35pt>
File: grafici/AMBROZIJA_POŽAREVAC_7d_meteo_sarimax.png Graphic file (type png)
<use grafici/AMBROZIJA_POŽAREVAC_7d_meteo_sarimax.png>
Package pdftex.def Info: grafici/AMBROZIJA_POŽAREVAC_7d_meteo_sarimax.png  used on input line 1782.
(pdftex.def)             Requested size: 217.66211pt x 77.73283pt.
<grafici/AMBROZIJA_POŽAREVAC_7d_nometeo_sarimax.png, id=768, 1011.78pt x 361.35pt>
File: grafici/AMBROZIJA_POŽAREVAC_7d_nometeo_sarimax.png Graphic file (type png)
<use grafici/AMBROZIJA_POŽAREVAC_7d_nometeo_sarimax.png>
Package pdftex.def Info: grafici/AMBROZIJA_POŽAREVAC_7d_nometeo_sarimax.png  used on input line 1785.
(pdftex.def)             Requested size: 217.66211pt x 77.73283pt.
<grafici/AMBROZIJA_POŽAREVAC_30d_meteo_sarimax.png, id=769, 1011.78pt x 361.35pt>
File: grafici/AMBROZIJA_POŽAREVAC_30d_meteo_sarimax.png Graphic file (type png)
<use grafici/AMBROZIJA_POŽAREVAC_30d_meteo_sarimax.png>
Package pdftex.def Info: grafici/AMBROZIJA_POŽAREVAC_30d_meteo_sarimax.png  used on input line 1790.
(pdftex.def)             Requested size: 217.66211pt x 77.73283pt.
<grafici/AMBROZIJA_POŽAREVAC_30d_nometeo_sarimax.png, id=770, 1011.78pt x 361.35pt>
File: grafici/AMBROZIJA_POŽAREVAC_30d_nometeo_sarimax.png Graphic file (type png)
<use grafici/AMBROZIJA_POŽAREVAC_30d_nometeo_sarimax.png>
Package pdftex.def Info: grafici/AMBROZIJA_POŽAREVAC_30d_nometeo_sarimax.png  used on input line 1793.
(pdftex.def)             Requested size: 217.66211pt x 77.73283pt.


[39]
Overfull \hbox (41.38988pt too wide) in paragraph at lines 1816--1827
 [][] 
 []


Overfull \hbox (41.38988pt too wide) in paragraph at lines 1832--1843
 [][] 
 []



[40 <./grafici/AMBROZIJA_POŽAREVAC_1d_meteo_sarimax.png> <./grafici/AMBROZIJA_POŽAREVAC_1d_nometeo_sarimax.png> <./grafici/AMBROZIJA_POŽAREVAC_7d_meteo_sarimax.png> <./grafici/AMBROZIJA_POŽAREVAC_7d_nometeo_sarimax.png> <./grafici/AMBROZIJA_POŽAREVAC_30d_meteo_sarimax.png> <./grafici/AMBROZIJA_POŽAREVAC_30d_nometeo_sarimax.png>]

LaTeX Warning: `!h' float specifier changed to `!ht'.


LaTeX Warning: `!h' float specifier changed to `!ht'.


LaTeX Warning: `!h' float specifier changed to `!ht'.


LaTeX Warning: `!h' float specifier changed to `!ht'.


LaTeX Warning: `!h' float specifier changed to `!ht'.



[41]

[42]
<grafici/AMBROZIJA_POŽAREVAC_1d_meteo_prophet.png, id=827, 1011.78pt x 361.35pt>
File: grafici/AMBROZIJA_POŽAREVAC_1d_meteo_prophet.png Graphic file (type png)
<use grafici/AMBROZIJA_POŽAREVAC_1d_meteo_prophet.png>
Package pdftex.def Info: grafici/AMBROZIJA_POŽAREVAC_1d_meteo_prophet.png  used on input line 2005.
(pdftex.def)             Requested size: 217.66211pt x 77.73283pt.
<grafici/AMBROZIJA_POŽAREVAC_1d_nometeo_prophet.png, id=828, 1011.78pt x 361.35pt>
File: grafici/AMBROZIJA_POŽAREVAC_1d_nometeo_prophet.png Graphic file (type png)
<use grafici/AMBROZIJA_POŽAREVAC_1d_nometeo_prophet.png>
Package pdftex.def Info: grafici/AMBROZIJA_POŽAREVAC_1d_nometeo_prophet.png  used on input line 2008.
(pdftex.def)             Requested size: 217.66211pt x 77.73283pt.
<grafici/AMBROZIJA_POŽAREVAC_7d_meteo_prophet.png, id=829, 1011.78pt x 361.35pt>
File: grafici/AMBROZIJA_POŽAREVAC_7d_meteo_prophet.png Graphic file (type png)
<use grafici/AMBROZIJA_POŽAREVAC_7d_meteo_prophet.png>
Package pdftex.def Info: grafici/AMBROZIJA_POŽAREVAC_7d_meteo_prophet.png  used on input line 2013.
(pdftex.def)             Requested size: 217.66211pt x 77.73283pt.
<grafici/AMBROZIJA_POŽAREVAC_7d_nometeo_prophet.png, id=830, 1011.78pt x 361.35pt>
File: grafici/AMBROZIJA_POŽAREVAC_7d_nometeo_prophet.png Graphic file (type png)
<use grafici/AMBROZIJA_POŽAREVAC_7d_nometeo_prophet.png>
Package pdftex.def Info: grafici/AMBROZIJA_POŽAREVAC_7d_nometeo_prophet.png  used on input line 2016.
(pdftex.def)             Requested size: 217.66211pt x 77.73283pt.
<grafici/AMBROZIJA_POŽAREVAC_30d_meteo_prophet.png, id=831, 1011.78pt x 361.35pt>
File: grafici/AMBROZIJA_POŽAREVAC_30d_meteo_prophet.png Graphic file (type png)
<use grafici/AMBROZIJA_POŽAREVAC_30d_meteo_prophet.png>
Package pdftex.def Info: grafici/AMBROZIJA_POŽAREVAC_30d_meteo_prophet.png  used on input line 2021.
(pdftex.def)             Requested size: 217.66211pt x 77.73283pt.
<grafici/AMBROZIJA_POŽAREVAC_30d_nometeo_prophet.png, id=832, 1011.78pt x 361.35pt>
File: grafici/AMBROZIJA_POŽAREVAC_30d_nometeo_prophet.png Graphic file (type png)
<use grafici/AMBROZIJA_POŽAREVAC_30d_nometeo_prophet.png>
Package pdftex.def Info: grafici/AMBROZIJA_POŽAREVAC_30d_nometeo_prophet.png  used on input line 2024.
(pdftex.def)             Requested size: 217.66211pt x 77.73283pt.

Overfull \hbox (41.38988pt too wide) in paragraph at lines 2046--2053
 [][] 
 []


Overfull \hbox (41.38988pt too wide) in paragraph at lines 2058--2065
 [][] 
 []



[43 <./grafici/AMBROZIJA_POŽAREVAC_1d_meteo_prophet.png> <./grafici/AMBROZIJA_POŽAREVAC_1d_nometeo_prophet.png> <./grafici/AMBROZIJA_POŽAREVAC_7d_meteo_prophet.png> <./grafici/AMBROZIJA_POŽAREVAC_7d_nometeo_prophet.png> <./grafici/AMBROZIJA_POŽAREVAC_30d_meteo_prophet.png> <./grafici/AMBROZIJA_POŽAREVAC_30d_nometeo_prophet.png>]

LaTeX Warning: `!h' float specifier changed to `!ht'.


LaTeX Warning: `!h' float specifier changed to `!ht'.


LaTeX Warning: `!h' float specifier changed to `!ht'.


LaTeX Warning: `!h' float specifier changed to `!ht'.


LaTeX Warning: `!h' float specifier changed to `!ht'.



[44]

LaTeX Warning: `!h' float specifier changed to `!ht'.

<grafici/feature_importance_AMBROZIJA_POŽAREVAC.png, id=872, 722.7pt x 578.16pt>
File: grafici/feature_importance_AMBROZIJA_POŽAREVAC.png Graphic file (type png)
<use grafici/feature_importance_AMBROZIJA_POŽAREVAC.png>
Package pdftex.def Info: grafici/feature_importance_AMBROZIJA_POŽAREVAC.png  used on input line 2222.
(pdftex.def)             Requested size: 232.17242pt x 185.73837pt.
<grafici/feature_importance_JOVA_POŽAREVAC.png, id=873, 722.7pt x 578.16pt>
File: grafici/feature_importance_JOVA_POŽAREVAC.png Graphic file (type png)
<use grafici/feature_importance_JOVA_POŽAREVAC.png>
Package pdftex.def Info: grafici/feature_importance_JOVA_POŽAREVAC.png  used on input line 2225.
(pdftex.def)             Requested size: 232.17242pt x 185.73837pt.


[45]

[46 <./grafici/feature_importance_AMBROZIJA_POŽAREVAC.png> <./grafici/feature_importance_JOVA_POŽAREVAC.png>]
<grafici/AMBROZIJA_POŽAREVAC_1d_meteo_rf.png, id=897, 1011.78pt x 361.35pt>
File: grafici/AMBROZIJA_POŽAREVAC_1d_meteo_rf.png Graphic file (type png)
<use grafici/AMBROZIJA_POŽAREVAC_1d_meteo_rf.png>
Package pdftex.def Info: grafici/AMBROZIJA_POŽAREVAC_1d_meteo_rf.png  used on input line 2245.
(pdftex.def)             Requested size: 217.66211pt x 77.73283pt.
<grafici/AMBROZIJA_POŽAREVAC_1d_nometeo_rf.png, id=898, 1011.78pt x 361.35pt>
File: grafici/AMBROZIJA_POŽAREVAC_1d_nometeo_rf.png Graphic file (type png)
<use grafici/AMBROZIJA_POŽAREVAC_1d_nometeo_rf.png>
Package pdftex.def Info: grafici/AMBROZIJA_POŽAREVAC_1d_nometeo_rf.png  used on input line 2248.
(pdftex.def)             Requested size: 217.66211pt x 77.73283pt.
<grafici/AMBROZIJA_POŽAREVAC_7d_meteo_rf.png, id=899, 1011.78pt x 361.35pt>
File: grafici/AMBROZIJA_POŽAREVAC_7d_meteo_rf.png Graphic file (type png)
<use grafici/AMBROZIJA_POŽAREVAC_7d_meteo_rf.png>
Package pdftex.def Info: grafici/AMBROZIJA_POŽAREVAC_7d_meteo_rf.png  used on input line 2253.
(pdftex.def)             Requested size: 217.66211pt x 77.73283pt.
<grafici/AMBROZIJA_POŽAREVAC_7d_nometeo_rf.png, id=900, 1011.78pt x 361.35pt>
File: grafici/AMBROZIJA_POŽAREVAC_7d_nometeo_rf.png Graphic file (type png)
<use grafici/AMBROZIJA_POŽAREVAC_7d_nometeo_rf.png>
Package pdftex.def Info: grafici/AMBROZIJA_POŽAREVAC_7d_nometeo_rf.png  used on input line 2256.
(pdftex.def)             Requested size: 217.66211pt x 77.73283pt.
<grafici/AMBROZIJA_POŽAREVAC_30d_meteo_rf.png, id=901, 1011.78pt x 361.35pt>
File: grafici/AMBROZIJA_POŽAREVAC_30d_meteo_rf.png Graphic file (type png)
<use grafici/AMBROZIJA_POŽAREVAC_30d_meteo_rf.png>
Package pdftex.def Info: grafici/AMBROZIJA_POŽAREVAC_30d_meteo_rf.png  used on input line 2261.
(pdftex.def)             Requested size: 217.66211pt x 77.73283pt.
<grafici/AMBROZIJA_POŽAREVAC_30d_nometeo_rf.png, id=902, 1011.78pt x 361.35pt>
File: grafici/AMBROZIJA_POŽAREVAC_30d_nometeo_rf.png Graphic file (type png)
<use grafici/AMBROZIJA_POŽAREVAC_30d_nometeo_rf.png>
Package pdftex.def Info: grafici/AMBROZIJA_POŽAREVAC_30d_nometeo_rf.png  used on input line 2264.
(pdftex.def)             Requested size: 217.66211pt x 77.73283pt.

Overfull \hbox (41.38988pt too wide) in paragraph at lines 2288--2295
 [][] 
 []


Overfull \hbox (41.38988pt too wide) in paragraph at lines 2300--2307
 [][] 
 []



[47 <./grafici/AMBROZIJA_POŽAREVAC_1d_meteo_rf.png> <./grafici/AMBROZIJA_POŽAREVAC_1d_nometeo_rf.png> <./grafici/AMBROZIJA_POŽAREVAC_7d_meteo_rf.png> <./grafici/AMBROZIJA_POŽAREVAC_7d_nometeo_rf.png> <./grafici/AMBROZIJA_POŽAREVAC_30d_meteo_rf.png> <./grafici/AMBROZIJA_POŽAREVAC_30d_nometeo_rf.png>]

[48]

[49]

[50] (final_clean_main.bbl

[51]
Underfull \hbox (badness 10000) in paragraph at lines 143--149
[]$\T1/lmtt/m/n/12 https : / / data . gov . rs / sr / datasets / polen-[]objedinjeni-[]podatsi-[]od-[]2016-[]godine/$[]\T1/ntxtlf/m/n/12 ,
 []



[52])

[53] (final_clean_main.aux)
 ***********
LaTeX2e <2025-06-01> patch level 1
L3 programming layer <2020/03/25>
 ***********
Package rerunfilecheck Info: File `final_clean_main.out' has not changed.
(rerunfilecheck)             Checksum: 6B3EC8353DB6515342E67663F5779DC9;8003.
 ) 
Here is how much of TeX's memory you used:
 27449 strings out of 468133
 516645 string characters out of 5430713
 946090 words of memory out of 5000000
 55240 multiletter control sequences out of 15000+600000
 699449 words of font info for 93 fonts, out of 8000000 for 9000
 1141 hyphenation exceptions out of 8191
 84i,12n,91p,1060b,765s stack positions out of 10000i,1000n,20000p,200000b,200000s
 <C:\Users\lukam\AppData\Local\MiKTeX\fonts/pk/ljfour/jknappen/ec/dpi600\tcrm1200.pk><C:/Users/lukam/AppData/Local/Programs/MiKTeX/fonts/type1/public/lm/lmex10.pfb><C:/Users/lukam/AppData/Local/Programs/MiKTeX/fonts/type1/public/lm/lmmi12.pfb><C:/Users/lukam/AppData/Local/Programs/MiKTeX/fonts/type1/public/lm/lmmi6.pfb><C:/Users/lukam/AppData/Local/Programs/MiKTeX/fonts/type1/public/lm/lmmi8.pfb><C:/Users/lukam/AppData/Local/Programs/MiKTeX/fonts/type1/public/lm/lmr12.pfb><C:/Users/lukam/AppData/Local/Programs/MiKTeX/fonts/type1/public/lm/lmr6.pfb><C:/Users/lukam/AppData/Local/Programs/MiKTeX/fonts/type1/public/lm/lmr8.pfb><C:/Users/lukam/AppData/Local/Programs/MiKTeX/fonts/type1/public/lm/lmsy10.pfb><C:/Users/lukam/AppData/Local/Programs/MiKTeX/fonts/type1/public/lm/lmsy8.pfb><C:/Users/lukam/AppData/Local/Programs/MiKTeX/fonts/type1/public/lm/lmtt12.pfb><C:/Users/lukam/AppData/Local/Programs/MiKTeX/fonts/type1/public/tex-gyre/qtmb.pfb><C:/Users/lukam/AppData/Local/Programs/MiKTeX/fonts/type1/public/tex-gyre/qtmr.pfb><C:/Users/lukam/AppData/Local/Programs/MiKTeX/fonts/type1/public/newtx/ztmb.pfb><C:/Users/lukam/AppData/Local/Programs/MiKTeX/fonts/type1/public/newtx/ztmr.pfb><C:/Users/lukam/AppData/Local/Programs/MiKTeX/fonts/type1/public/newtx/ztmri.pfb>
Output written on final_clean_main.pdf (56 pages, 5133379 bytes).
PDF statistics:
 1099 PDF objects out of 1200 (max. 8388607)
 304 named destinations out of 1000 (max. 500000)
 14437 words of extra memory for PDF output out of 17280 (max. 10000000)

